2023-08-03 10:34:19 INFO     辅种脚本启动
2023-08-03 10:34:19 INFO     当前种子库：6个种子
2023-08-03 10:34:19 INFO     红叶没有填写passkey
2023-08-03 10:34:19 INFO     猪猪没有填写passkey
2023-08-03 10:34:19 INFO     ultrahd没有填写passkey
2023-08-03 10:34:19 INFO     可辅种数：0个种子
2023-08-03 10:34:19 INFO     []
2023-08-03 10:34:19 INFO     辅种结束
2023-08-03 10:34:29 INFO     辅种脚本启动
2023-08-03 10:34:29 INFO     当前种子库：6个种子
2023-08-03 10:34:29 INFO     红叶没有填写passkey
2023-08-03 10:34:29 INFO     猪猪没有填写passkey
2023-08-03 10:34:29 INFO     ultrahd没有填写passkey
2023-08-03 10:34:29 INFO     可辅种数：0个种子
2023-08-03 10:34:29 INFO     []
2023-08-03 10:34:29 INFO     辅种结束
2023-08-03 10:34:39 INFO     辅种脚本启动
2023-08-03 10:34:39 INFO     当前种子库：6个种子
2023-08-03 10:34:39 INFO     红叶没有填写passkey
2023-08-03 10:34:39 INFO     猪猪没有填写passkey
2023-08-03 10:34:39 INFO     ultrahd没有填写passkey
2023-08-03 10:34:39 INFO     可辅种数：0个种子
2023-08-03 10:34:39 INFO     []
2023-08-03 10:34:39 INFO     辅种结束
2023-08-03 10:34:49 INFO     辅种脚本启动
2023-08-03 10:34:49 INFO     当前种子库：6个种子
2023-08-03 10:34:49 INFO     红叶没有填写passkey
2023-08-03 10:34:49 INFO     猪猪没有填写passkey
2023-08-03 10:34:49 INFO     ultrahd没有填写passkey
2023-08-03 10:34:49 INFO     可辅种数：0个种子
2023-08-03 10:34:49 INFO     []
2023-08-03 10:34:49 INFO     辅种结束
2023-08-03 10:34:59 INFO     辅种脚本启动
2023-08-03 10:34:59 INFO     当前种子库：6个种子
2023-08-03 10:34:59 INFO     红叶没有填写passkey
2023-08-03 10:34:59 INFO     猪猪没有填写passkey
2023-08-03 10:34:59 INFO     ultrahd没有填写passkey
2023-08-03 10:34:59 INFO     可辅种数：0个种子
2023-08-03 10:34:59 INFO     []
2023-08-03 10:34:59 INFO     辅种结束
2023-08-03 10:35:08 INFO     辅种脚本启动
2023-08-03 10:35:08 INFO     当前种子库：6个种子
2023-08-03 10:40:25 INFO     辅种脚本启动
2023-08-03 10:40:25 INFO     当前种子库：6个种子
2023-08-03 10:40:25 INFO     红叶没有填写passkey
2023-08-03 10:40:25 INFO     猪猪没有填写passkey
2023-08-03 10:40:25 INFO     ultrahd没有填写passkey
2023-08-03 10:40:25 INFO     可辅种数：0个种子
2023-08-03 10:40:25 INFO     []
2023-08-03 10:40:25 INFO     辅种结束
2023-08-03 10:40:35 INFO     辅种脚本启动
2023-08-03 10:40:35 INFO     当前种子库：6个种子
2023-08-03 10:40:35 INFO     红叶没有填写passkey
2023-08-03 10:40:35 INFO     猪猪没有填写passkey
2023-08-03 10:40:35 INFO     ultrahd没有填写passkey
2023-08-03 10:40:35 INFO     可辅种数：0个种子
2023-08-03 10:40:35 INFO     []
2023-08-03 10:40:35 INFO     辅种结束
2023-08-03 10:40:45 INFO     辅种脚本启动
2023-08-03 10:40:45 INFO     当前种子库：6个种子
2023-08-03 10:40:45 INFO     红叶没有填写passkey
2023-08-03 10:40:45 INFO     猪猪没有填写passkey
2023-08-03 10:40:45 INFO     ultrahd没有填写passkey
2023-08-03 10:40:45 INFO     可辅种数：0个种子
2023-08-03 10:40:45 INFO     []
2023-08-03 10:40:45 INFO     辅种结束
2023-08-03 10:40:55 INFO     辅种脚本启动
2023-08-03 10:40:55 INFO     当前种子库：6个种子
2023-08-03 10:40:55 INFO     红叶没有填写passkey
2023-08-03 10:40:55 INFO     猪猪没有填写passkey
2023-08-03 10:40:55 INFO     ultrahd没有填写passkey
2023-08-03 10:40:55 INFO     可辅种数：0个种子
2023-08-03 10:40:55 INFO     []
2023-08-03 10:40:55 INFO     辅种结束
2023-08-03 10:41:05 INFO     辅种脚本启动
2023-08-03 10:41:05 INFO     当前种子库：6个种子
2023-08-03 10:41:05 INFO     红叶没有填写passkey
2023-08-03 10:41:05 INFO     猪猪没有填写passkey
2023-08-03 10:41:05 INFO     ultrahd没有填写passkey
2023-08-03 10:41:05 INFO     可辅种数：0个种子
2023-08-03 10:41:05 INFO     []
2023-08-03 10:41:05 INFO     辅种结束
2023-08-03 10:41:15 INFO     辅种脚本启动
2023-08-03 10:41:15 INFO     当前种子库：6个种子
2023-08-03 10:41:15 INFO     红叶没有填写passkey
2023-08-03 10:41:15 INFO     猪猪没有填写passkey
2023-08-03 10:41:15 INFO     ultrahd没有填写passkey
2023-08-03 10:41:15 INFO     可辅种数：0个种子
2023-08-03 10:41:15 INFO     []
2023-08-03 10:41:15 INFO     辅种结束
